#-----------------------------------------------------------
# Vivado v2016.2 (64-bit)
# SW Build 1577090 on Thu Jun  2 16:32:40 MDT 2016
# IP Build 1577682 on Fri Jun  3 12:00:54 MDT 2016
# Start of session at: Thu Apr 27 04:04:06 2023
# Process ID: 6444
# Current directory: D:/ECE/ECE530/XUP/embedded/2015_2_zynq_labs/ece530lab10
# Command line: vivado.exe -gui_launcher_event rodinguilauncherevent12772 D:\ECE\ECE530\XUP\embedded\2015_2_zynq_labs\ece530lab10\Lab10p1.xpr
# Log file: D:/ECE/ECE530/XUP/embedded/2015_2_zynq_labs/ece530lab10/vivado.log
# Journal file: D:/ECE/ECE530/XUP/embedded/2015_2_zynq_labs/ece530lab10\vivado.jou
#-----------------------------------------------------------
start_gui
open_project D:/ECE/ECE530/XUP/embedded/2015_2_zynq_labs/ece530lab10/Lab10p1.xpr
INFO: [Project 1-313] Project file moved from 'D:/ECE/ECE530/XUP/embedded/2015_2_zynq_labs/Lab10p1' since last save.
Scanning sources...
Finished scanning sources
INFO: [IP_Flow 19-234] Refreshing IP repositories
INFO: [IP_Flow 19-1700] Loaded user IP repository 'd:/ECE/ECE530/XUP/embedded/2015_2_zynq_labs/Lab3OMS/led_ip_1.0'.
INFO: [IP_Flow 19-1700] Loaded user IP repository 'd:/ECE/ECE530/XUP/embedded/2015_2_zynq_labs/ip_repo/zybo_base_system_lib'.
INFO: [IP_Flow 19-2313] Loaded Vivado IP repository 'D:/Xilinx/Vivado/2016.2/data/ip'.
open_project: Time (s): cpu = 00:00:23 ; elapsed = 00:00:11 . Memory (MB): peak = 911.961 ; gain = 234.902
update_compile_order -fileset sources_1
exit
INFO: [Common 17-206] Exiting Vivado at Thu Apr 27 04:04:43 2023...
