#-----------------------------------------------------------
# Webtalk v2016.2 (64-bit)
# SW Build 1577090 on Thu Jun  2 16:32:40 MDT 2016
# 
# Start of session at: Fri Mar 24 12:20:51 2023
# Process ID: 1952
# Current directory: D:/ECE/ECE530/XUP/embedded/2015_2_zynq_labs/lab5/lab5.sdk/webtalk
# Command line: wbtcv.exe -mode batch -source sdk_webtalk.tcl
# Log file: D:/ECE/ECE530/XUP/embedded/2015_2_zynq_labs/lab5/lab5.sdk/webtalk/webtalk.log
# Journal file: D:/ECE/ECE530/XUP/embedded/2015_2_zynq_labs/lab5/lab5.sdk/webtalk\webtalk.jou
#-----------------------------------------------------------
source sdk_webtalk.tcl
# webtalk_init -webtalk_dir D:\\ECE\\ECE530\\XUP\\embedded\\2015_2_zynq_labs\\lab5\\lab5.sdk\\webtalk
# webtalk_register_client -client project
# webtalk_add_data -client project -key date_generated -value "Fri Mar 24 12:20:51 2023" -context "software_version_and_target_device"
# webtalk_add_data -client project -key product_version -value "SDK v2016.2" -context "software_version_and_target_device"
# webtalk_add_data -client project -key build_version -value "2016.2" -context "software_version_and_target_device"
# webtalk_add_data -client project -key os_platform -value "amd64" -context "software_version_and_target_device"
# webtalk_add_data -client project -key registration_id -value "" -context "software_version_and_target_device"
# webtalk_add_data -client project -key tool_flow -value "SDK" -context "software_version_and_target_device"
# webtalk_add_data -client project -key beta -value "false" -context "software_version_and_target_device"
# webtalk_add_data -client project -key route_design -value "NA" -context "software_version_and_target_device"
# webtalk_add_data -client project -key target_family -value "NA" -context "software_version_and_target_device"
# webtalk_add_data -client project -key target_device -value "NA" -context "software_version_and_target_device"
# webtalk_add_data -client project -key target_package -value "NA" -context "software_version_and_target_device"
# webtalk_add_data -client project -key target_speed -value "NA" -context "software_version_and_target_device"
# webtalk_add_data -client project -key random_id -value "cpi9t0qss1v7s0iscvnmrngqms" -context "software_version_and_target_device"
# webtalk_add_data -client project -key project_id -value "2016.2_8" -context "software_version_and_target_device"
# webtalk_add_data -client project -key project_iteration -value "8" -context "software_version_and_target_device"
# webtalk_add_data -client project -key os_name -value "" -context "user_environment"
# webtalk_add_data -client project -key os_release -value "" -context "user_environment"
# webtalk_add_data -client project -key cpu_name -value "" -context "user_environment"
# webtalk_add_data -client project -key cpu_speed -value "" -context "user_environment"
# webtalk_add_data -client project -key total_processors -value "" -context "user_environment"
# webtalk_add_data -client project -key system_ram -value "" -context "user_environment"
# webtalk_register_client -client sdk
# webtalk_add_data -client sdk -key uid -value "1679672580401" -context "sdk\\\\hardware/1679672580401"
# webtalk_add_data -client sdk -key isZynq -value "true" -context "sdk\\\\hardware/1679672580401"
# webtalk_add_data -client sdk -key Processors -value "2" -context "sdk\\\\hardware/1679672580401"
# webtalk_add_data -client sdk -key VivadoVersion -value "2016.2" -context "sdk\\\\hardware/1679672580401"
# webtalk_add_data -client sdk -key Arch -value "zynq" -context "sdk\\\\hardware/1679672580401"
# webtalk_add_data -client sdk -key Device -value "7z010" -context "sdk\\\\hardware/1679672580401"
# webtalk_add_data -client sdk -key IsHandoff -value "true" -context "sdk\\\\hardware/1679672580401"
# webtalk_add_data -client sdk -key uid -value "1679673504626" -context "sdk\\\\bsp/1679673504626"
# webtalk_add_data -client sdk -key hwid -value "1679672580401" -context "sdk\\\\bsp/1679673504626"
# webtalk_add_data -client sdk -key os -value "standalone" -context "sdk\\\\bsp/1679673504626"
# webtalk_add_data -client sdk -key apptemplate -value "empty_application" -context "sdk\\\\bsp/1679673504626"
# webtalk_add_data -client sdk -key uid -value "1679673506758" -context "sdk\\\\application/1679673506758"
# webtalk_add_data -client sdk -key hwid -value "1679672580401" -context "sdk\\\\application/1679673506758"
# webtalk_add_data -client sdk -key bspid -value "1679673504626" -context "sdk\\\\application/1679673506758"
# webtalk_add_data -client sdk -key newbsp -value "true" -context "sdk\\\\application/1679673506758"
# webtalk_add_data -client sdk -key os -value "standalone" -context "sdk\\\\application/1679673506758"
# webtalk_add_data -client sdk -key apptemplate -value "empty_application" -context "sdk\\\\application/1679673506758"
# webtalk_transmit -clientid 1555779819 -regid "" -xml D:\\ECE\\ECE530\\XUP\\embedded\\2015_2_zynq_labs\\lab5\\lab5.sdk\\webtalk\\usage_statistics_ext_sdk.xml -html D:\\ECE\\ECE530\\XUP\\embedded\\2015_2_zynq_labs\\lab5\\lab5.sdk\\webtalk\\usage_statistics_ext_sdk.html -wdm D:\\ECE\\ECE530\\XUP\\embedded\\2015_2_zynq_labs\\lab5\\lab5.sdk\\webtalk\\sdk_webtalk.wdm -intro "<H3>SDK Usage Report</H3><BR>"
# webtalk_terminate
INFO: [Common 17-206] Exiting Webtalk at Fri Mar 24 12:20:54 2023...
