11:42:55 INFO  : Launching XSDB server: xsdb.bat -interactive D:\ECE\ECE530\XUP\embedded\2015_2_zynq_labs\lab5\lab5.sdk\temp_xsdb_launch_script.tcl
11:42:57 INFO  : XSDB server has started successfully.
11:42:58 INFO  : Processing command line option -hwspec D:/ECE/ECE530/XUP/embedded/2015_2_zynq_labs/lab5/lab5.sdk/system_wrapper.hdf.
12:21:05 INFO  : Launching XSDB server: xsdb.bat -interactive D:\ECE\ECE530\XUP\embedded\2015_2_zynq_labs\lab5\lab5.sdk\temp_xsdb_launch_script.tcl
12:21:07 INFO  : XSDB server has started successfully.
12:21:07 INFO  : Processing command line option -hwspec D:/ECE/ECE530/XUP/embedded/2015_2_zynq_labs/lab5/lab5.sdk/system_wrapper.hdf.
12:21:07 INFO  : Checking for hwspec changes in the project system_wrapper_hw_platform_0.
12:21:54 INFO  : Connected to target on host '127.0.0.1' and port '3121'.
12:21:54 INFO  : 'targets -set -filter {jtag_cable_name =~ "Digilent Zybo 210279758556A" && level==0} -index 1' command is executed.
12:21:56 INFO  : FPGA configured successfully with bitstream "D:/ECE/ECE530/XUP/embedded/2015_2_zynq_labs/lab5/lab5.sdk/system_wrapper_hw_platform_0/system_wrapper.bit"
12:22:23 INFO  : ps7_init is completed.
12:22:23 INFO  : ps7_post_config is completed.
12:22:23 INFO  : Processor reset is completed for ps7_cortexa9_0
12:26:16 INFO  : ps7_cortexa9_0 Processor is in use. Please stop existing Run or Debug sessions before launching.
12:26:20 INFO  : System reset is completed.
12:26:22 INFO  : FPGA configured successfully with bitstream "D:/ECE/ECE530/XUP/embedded/2015_2_zynq_labs/lab5/lab5.sdk/system_wrapper_hw_platform_0/system_wrapper.bit"
12:26:22 INFO  : ps7_init is completed.
12:26:22 INFO  : ps7_post_config is completed.
12:27:19 INFO  : System reset is completed.
12:27:21 INFO  : FPGA configured successfully with bitstream "D:/ECE/ECE530/XUP/embedded/2015_2_zynq_labs/lab5/lab5.sdk/system_wrapper_hw_platform_0/system_wrapper.bit"
12:27:21 INFO  : ps7_init is completed.
12:27:21 INFO  : ps7_post_config is completed.
12:33:36 INFO  : System reset is completed.
12:33:38 INFO  : FPGA configured successfully with bitstream "D:/ECE/ECE530/XUP/embedded/2015_2_zynq_labs/lab5/lab5.sdk/system_wrapper_hw_platform_0/system_wrapper.bit"
12:33:39 INFO  : ps7_init is completed.
12:33:39 INFO  : ps7_post_config is completed.
12:58:47 INFO  : System reset is completed.
12:58:49 INFO  : FPGA configured successfully with bitstream "D:/ECE/ECE530/XUP/embedded/2015_2_zynq_labs/lab5/lab5.sdk/system_wrapper_hw_platform_0/system_wrapper.bit"
12:58:49 INFO  : ps7_init is completed.
12:58:49 INFO  : ps7_post_config is completed.
13:01:15 INFO  : ps7_cortexa9_0 Processor is in use. Please stop existing Run or Debug sessions before launching.
13:01:32 INFO  : ps7_cortexa9_0 Processor is in use. Please stop existing Run or Debug sessions before launching.
13:13:41 INFO  : FPGA Cable Disconnected. All active launches will be terminated.
13:13:41 WARN  : Terminating existing sessions on processor ps7_cortexa9_0
13:14:49 ERROR : Unexpected error while parsing XMD response ?: com.google.gson.JsonSyntaxException: com.google.gson.stream.MalformedJsonException: invalid number or unquoted string near 
15:32:00 INFO  : Launching XSDB server: xsdb.bat -interactive D:\ECE\ECE530\XUP\embedded\2015_2_zynq_labs\lab5\lab5.sdk\temp_xsdb_launch_script.tcl
15:32:02 INFO  : XSDB server has started successfully.
15:32:02 INFO  : Processing command line option -hwspec D:/ECE/ECE530/XUP/embedded/2015_2_zynq_labs/lab5/lab5.sdk/system_wrapper.hdf.
15:32:02 INFO  : Checking for hwspec changes in the project system_wrapper_hw_platform_0.
15:41:42 INFO  : System reset is completed.
15:41:44 INFO  : FPGA configured successfully with bitstream "D:/ECE/ECE530/XUP/embedded/2015_2_zynq_labs/lab5/lab5.sdk/system_wrapper_hw_platform_0/system_wrapper.bit"
15:41:44 INFO  : ps7_init is completed.
15:41:45 INFO  : ps7_post_config is completed.
15:45:15 ERROR : Unexpected error while parsing XMD response ?: com.google.gson.JsonSyntaxException: com.google.gson.stream.MalformedJsonException: invalid number or unquoted string near 
23:09:10 INFO  : Launching XSDB server: xsdb.bat -interactive D:\ECE\ECE530\XUP\embedded\2015_2_zynq_labs\lab5\lab5.sdk\temp_xsdb_launch_script.tcl
23:09:12 INFO  : XSDB server has started successfully.
23:09:13 INFO  : Processing command line option -hwspec D:/ECE/ECE530/XUP/embedded/2015_2_zynq_labs/lab5/lab5.sdk/system_wrapper.hdf.
23:09:13 INFO  : Checking for hwspec changes in the project system_wrapper_hw_platform_0.
17:28:40 INFO  : Launching XSDB server: xsdb.bat -interactive D:\ECE\ECE530\XUP\embedded\2015_2_zynq_labs\lab5\lab5.sdk\temp_xsdb_launch_script.tcl
17:28:43 INFO  : XSDB server has started successfully.
17:28:44 INFO  : Processing command line option -hwspec D:/ECE/ECE530/XUP/embedded/2015_2_zynq_labs/lab5/lab5.sdk/system_wrapper.hdf.
17:28:44 INFO  : Checking for hwspec changes in the project system_wrapper_hw_platform_0.
18:20:03 INFO  : Launching XSDB server: xsdb.bat -interactive D:\ECE\ECE530\XUP\embedded\2015_2_zynq_labs\lab5\lab5.sdk\temp_xsdb_launch_script.tcl
18:20:05 INFO  : XSDB server has started successfully.
18:20:06 INFO  : Processing command line option -hwspec D:/ECE/ECE530/XUP/embedded/2015_2_zynq_labs/lab5/lab5.sdk/system_wrapper.hdf.
18:20:06 INFO  : Checking for hwspec changes in the project system_wrapper_hw_platform_0.
18:20:46 INFO  : Connected to target on host '127.0.0.1' and port '3121'.
18:20:46 INFO  : 'targets -set -filter {jtag_cable_name =~ "Digilent Zybo 210279758556A" && level==0} -index 1' command is executed.
18:20:47 INFO  : FPGA configured successfully with bitstream "D:/ECE/ECE530/XUP/embedded/2015_2_zynq_labs/lab5/lab5.sdk/system_wrapper_hw_platform_0/system_wrapper.bit"
18:21:22 INFO  : ps7_init is completed.
18:21:22 INFO  : ps7_post_config is completed.
18:21:23 INFO  : Processor reset is completed for ps7_cortexa9_0
18:25:20 INFO  : System reset is completed.
18:25:22 INFO  : FPGA configured successfully with bitstream "D:/ECE/ECE530/XUP/embedded/2015_2_zynq_labs/lab5/lab5.sdk/system_wrapper_hw_platform_0/system_wrapper.bit"
18:25:23 INFO  : ps7_init is completed.
18:25:23 INFO  : ps7_post_config is completed.
18:32:47 INFO  : System reset is completed.
18:32:49 INFO  : FPGA configured successfully with bitstream "D:/ECE/ECE530/XUP/embedded/2015_2_zynq_labs/lab5/lab5.sdk/system_wrapper_hw_platform_0/system_wrapper.bit"
18:32:49 INFO  : ps7_init is completed.
18:32:49 INFO  : ps7_post_config is completed.
18:37:04 INFO  : ps7_cortexa9_0 Processor is in use. Please stop existing Run or Debug sessions before launching.
18:37:08 INFO  : System reset is completed.
18:37:10 INFO  : FPGA configured successfully with bitstream "D:/ECE/ECE530/XUP/embedded/2015_2_zynq_labs/lab5/lab5.sdk/system_wrapper_hw_platform_0/system_wrapper.bit"
18:37:11 INFO  : ps7_init is completed.
18:37:11 INFO  : ps7_post_config is completed.
18:59:42 INFO  : ps7_cortexa9_0 Processor is in use. Please stop existing Run or Debug sessions before launching.
18:59:46 INFO  : System reset is completed.
18:59:48 INFO  : FPGA configured successfully with bitstream "D:/ECE/ECE530/XUP/embedded/2015_2_zynq_labs/lab5/lab5.sdk/system_wrapper_hw_platform_0/system_wrapper.bit"
18:59:49 INFO  : ps7_init is completed.
18:59:49 INFO  : ps7_post_config is completed.
19:03:05 INFO  : ps7_cortexa9_0 Processor is in use. Please stop existing Run or Debug sessions before launching.
19:03:14 INFO  : System reset is completed.
19:03:15 INFO  : FPGA configured successfully with bitstream "D:/ECE/ECE530/XUP/embedded/2015_2_zynq_labs/lab5/lab5.sdk/system_wrapper_hw_platform_0/system_wrapper.bit"
19:03:16 INFO  : ps7_init is completed.
19:03:16 INFO  : ps7_post_config is completed.
19:06:02 INFO  : ps7_cortexa9_0 Processor is in use. Please stop existing Run or Debug sessions before launching.
19:06:04 INFO  : System reset is completed.
19:06:05 INFO  : FPGA configured successfully with bitstream "D:/ECE/ECE530/XUP/embedded/2015_2_zynq_labs/lab5/lab5.sdk/system_wrapper_hw_platform_0/system_wrapper.bit"
19:06:06 INFO  : ps7_init is completed.
19:06:06 INFO  : ps7_post_config is completed.
19:07:58 INFO  : ps7_cortexa9_0 Processor is in use. Please stop existing Run or Debug sessions before launching.
19:08:00 INFO  : System reset is completed.
19:08:01 INFO  : FPGA configured successfully with bitstream "D:/ECE/ECE530/XUP/embedded/2015_2_zynq_labs/lab5/lab5.sdk/system_wrapper_hw_platform_0/system_wrapper.bit"
19:08:02 INFO  : ps7_init is completed.
19:08:02 INFO  : ps7_post_config is completed.
19:09:28 INFO  : ps7_cortexa9_0 Processor is in use. Please stop existing Run or Debug sessions before launching.
19:09:30 INFO  : System reset is completed.
19:09:32 INFO  : FPGA configured successfully with bitstream "D:/ECE/ECE530/XUP/embedded/2015_2_zynq_labs/lab5/lab5.sdk/system_wrapper_hw_platform_0/system_wrapper.bit"
19:09:32 INFO  : ps7_init is completed.
19:09:32 INFO  : ps7_post_config is completed.
19:11:49 INFO  : ps7_cortexa9_0 Processor is in use. Please stop existing Run or Debug sessions before launching.
19:11:51 INFO  : System reset is completed.
19:11:53 INFO  : FPGA configured successfully with bitstream "D:/ECE/ECE530/XUP/embedded/2015_2_zynq_labs/lab5/lab5.sdk/system_wrapper_hw_platform_0/system_wrapper.bit"
19:11:54 INFO  : ps7_init is completed.
19:11:54 INFO  : ps7_post_config is completed.
19:12:37 INFO  : ps7_cortexa9_0 Processor is in use. Please stop existing Run or Debug sessions before launching.
19:12:40 INFO  : System reset is completed.
19:12:42 INFO  : FPGA configured successfully with bitstream "D:/ECE/ECE530/XUP/embedded/2015_2_zynq_labs/lab5/lab5.sdk/system_wrapper_hw_platform_0/system_wrapper.bit"
19:12:42 INFO  : ps7_init is completed.
19:12:42 INFO  : ps7_post_config is completed.
19:14:01 INFO  : ps7_cortexa9_0 Processor is in use. Please stop existing Run or Debug sessions before launching.
19:14:03 INFO  : System reset is completed.
19:14:04 INFO  : FPGA configured successfully with bitstream "D:/ECE/ECE530/XUP/embedded/2015_2_zynq_labs/lab5/lab5.sdk/system_wrapper_hw_platform_0/system_wrapper.bit"
19:14:05 INFO  : ps7_init is completed.
19:14:05 INFO  : ps7_post_config is completed.
19:15:38 INFO  : ps7_cortexa9_0 Processor is in use. Please stop existing Run or Debug sessions before launching.
19:15:40 INFO  : System reset is completed.
19:15:42 INFO  : FPGA configured successfully with bitstream "D:/ECE/ECE530/XUP/embedded/2015_2_zynq_labs/lab5/lab5.sdk/system_wrapper_hw_platform_0/system_wrapper.bit"
19:15:42 INFO  : ps7_init is completed.
19:15:42 INFO  : ps7_post_config is completed.
19:17:01 INFO  : ps7_cortexa9_0 Processor is in use. Please stop existing Run or Debug sessions before launching.
19:17:03 INFO  : System reset is completed.
19:17:05 INFO  : FPGA configured successfully with bitstream "D:/ECE/ECE530/XUP/embedded/2015_2_zynq_labs/lab5/lab5.sdk/system_wrapper_hw_platform_0/system_wrapper.bit"
19:17:05 INFO  : ps7_init is completed.
19:17:05 INFO  : ps7_post_config is completed.
19:21:09 INFO  : ps7_cortexa9_0 Processor is in use. Please stop existing Run or Debug sessions before launching.
19:21:11 INFO  : System reset is completed.
19:21:13 INFO  : FPGA configured successfully with bitstream "D:/ECE/ECE530/XUP/embedded/2015_2_zynq_labs/lab5/lab5.sdk/system_wrapper_hw_platform_0/system_wrapper.bit"
19:21:13 INFO  : ps7_init is completed.
19:21:13 INFO  : ps7_post_config is completed.
19:22:17 INFO  : ps7_cortexa9_0 Processor is in use. Please stop existing Run or Debug sessions before launching.
19:22:19 INFO  : System reset is completed.
19:22:20 INFO  : FPGA configured successfully with bitstream "D:/ECE/ECE530/XUP/embedded/2015_2_zynq_labs/lab5/lab5.sdk/system_wrapper_hw_platform_0/system_wrapper.bit"
19:22:21 INFO  : ps7_init is completed.
19:22:21 INFO  : ps7_post_config is completed.
19:22:47 INFO  : ps7_cortexa9_0 Processor is in use. Please stop existing Run or Debug sessions before launching.
19:22:49 INFO  : System reset is completed.
19:22:51 INFO  : FPGA configured successfully with bitstream "D:/ECE/ECE530/XUP/embedded/2015_2_zynq_labs/lab5/lab5.sdk/system_wrapper_hw_platform_0/system_wrapper.bit"
19:22:51 INFO  : ps7_init is completed.
19:22:51 INFO  : ps7_post_config is completed.
19:25:02 INFO  : ps7_cortexa9_0 Processor is in use. Please stop existing Run or Debug sessions before launching.
19:25:04 INFO  : System reset is completed.
19:25:06 INFO  : FPGA configured successfully with bitstream "D:/ECE/ECE530/XUP/embedded/2015_2_zynq_labs/lab5/lab5.sdk/system_wrapper_hw_platform_0/system_wrapper.bit"
19:25:07 INFO  : ps7_init is completed.
19:25:07 INFO  : ps7_post_config is completed.
19:25:38 INFO  : ps7_cortexa9_0 Processor is in use. Please stop existing Run or Debug sessions before launching.
19:25:40 INFO  : System reset is completed.
19:25:42 INFO  : FPGA configured successfully with bitstream "D:/ECE/ECE530/XUP/embedded/2015_2_zynq_labs/lab5/lab5.sdk/system_wrapper_hw_platform_0/system_wrapper.bit"
19:25:42 INFO  : ps7_init is completed.
19:25:42 INFO  : ps7_post_config is completed.
19:26:03 INFO  : ps7_cortexa9_0 Processor is in use. Please stop existing Run or Debug sessions before launching.
19:26:05 INFO  : System reset is completed.
19:26:07 INFO  : FPGA configured successfully with bitstream "D:/ECE/ECE530/XUP/embedded/2015_2_zynq_labs/lab5/lab5.sdk/system_wrapper_hw_platform_0/system_wrapper.bit"
19:26:07 INFO  : ps7_init is completed.
19:26:07 INFO  : ps7_post_config is completed.
19:27:04 INFO  : ps7_cortexa9_0 Processor is in use. Please stop existing Run or Debug sessions before launching.
19:27:09 INFO  : System reset is completed.
19:27:11 INFO  : FPGA configured successfully with bitstream "D:/ECE/ECE530/XUP/embedded/2015_2_zynq_labs/lab5/lab5.sdk/system_wrapper_hw_platform_0/system_wrapper.bit"
19:27:11 INFO  : ps7_init is completed.
19:27:11 INFO  : ps7_post_config is completed.
19:27:19 INFO  : ps7_cortexa9_0 Processor is in use. Please stop existing Run or Debug sessions before launching.
19:27:21 INFO  : System reset is completed.
19:27:23 INFO  : FPGA configured successfully with bitstream "D:/ECE/ECE530/XUP/embedded/2015_2_zynq_labs/lab5/lab5.sdk/system_wrapper_hw_platform_0/system_wrapper.bit"
19:27:23 INFO  : ps7_init is completed.
19:27:23 INFO  : ps7_post_config is completed.
19:29:03 INFO  : ps7_cortexa9_0 Processor is in use. Please stop existing Run or Debug sessions before launching.
19:29:05 INFO  : System reset is completed.
19:29:07 INFO  : FPGA configured successfully with bitstream "D:/ECE/ECE530/XUP/embedded/2015_2_zynq_labs/lab5/lab5.sdk/system_wrapper_hw_platform_0/system_wrapper.bit"
19:29:07 INFO  : ps7_init is completed.
19:29:07 INFO  : ps7_post_config is completed.
19:29:49 INFO  : ps7_cortexa9_0 Processor is in use. Please stop existing Run or Debug sessions before launching.
19:29:59 INFO  : System reset is completed.
19:30:00 INFO  : FPGA configured successfully with bitstream "D:/ECE/ECE530/XUP/embedded/2015_2_zynq_labs/lab5/lab5.sdk/system_wrapper_hw_platform_0/system_wrapper.bit"
19:30:01 INFO  : ps7_init is completed.
19:30:01 INFO  : ps7_post_config is completed.
19:33:01 INFO  : ps7_cortexa9_0 Processor is in use. Please stop existing Run or Debug sessions before launching.
19:33:02 INFO  : System reset is completed.
19:33:04 INFO  : FPGA configured successfully with bitstream "D:/ECE/ECE530/XUP/embedded/2015_2_zynq_labs/lab5/lab5.sdk/system_wrapper_hw_platform_0/system_wrapper.bit"
19:33:04 INFO  : ps7_init is completed.
19:33:04 INFO  : ps7_post_config is completed.
19:38:46 INFO  : ps7_cortexa9_0 Processor is in use. Please stop existing Run or Debug sessions before launching.
19:38:49 INFO  : System reset is completed.
19:38:50 INFO  : FPGA configured successfully with bitstream "D:/ECE/ECE530/XUP/embedded/2015_2_zynq_labs/lab5/lab5.sdk/system_wrapper_hw_platform_0/system_wrapper.bit"
19:38:51 INFO  : ps7_init is completed.
19:38:51 INFO  : ps7_post_config is completed.
23:00:33 ERROR : Unexpected error while parsing XMD response ?: com.google.gson.JsonSyntaxException: com.google.gson.stream.MalformedJsonException: invalid number or unquoted string near 
02:27:11 INFO  : Launching XSDB server: xsdb.bat -interactive D:\ECE\ECE530\XUP\embedded\2015_2_zynq_labs\Lab10p1\Lab10p1.sdk\temp_xsdb_launch_script.tcl
02:27:14 INFO  : XSDB server has started successfully.
02:27:15 INFO  : Processing command line option -hwspec D:/ECE/ECE530/XUP/embedded/2015_2_zynq_labs/Lab10p1/Lab10p1.sdk/system_wrapper.hdf.
02:29:55 INFO  : Launching XSDB server: xsdb.bat -interactive D:\ECE\ECE530\XUP\embedded\2015_2_zynq_labs\Lab10p1\Lab10p1.sdk\temp_xsdb_launch_script.tcl
02:29:57 INFO  : XSDB server has started successfully.
02:29:57 INFO  : Processing command line option -hwspec D:/ECE/ECE530/XUP/embedded/2015_2_zynq_labs/Lab10p1/Lab10p1.sdk/system_wrapper.hdf.
02:45:34 INFO  : Launching XSDB server: xsdb.bat -interactive D:\ECE\ECE530\XUP\embedded\2015_2_zynq_labs\Lab10p1\Lab10p1.sdk\temp_xsdb_launch_script.tcl
02:45:36 INFO  : XSDB server has started successfully.
02:45:36 INFO  : Processing command line option -hwspec D:/ECE/ECE530/XUP/embedded/2015_2_zynq_labs/Lab10p1/Lab10p1.sdk/system_wrapper.hdf.
02:45:37 INFO  : Checking for hwspec changes in the project system_wrapper_hw_platform_0.
02:47:07 INFO  : System reset is completed.
02:47:08 INFO  : FPGA configured successfully with bitstream "D:/ECE/ECE530/XUP/embedded/2015_2_zynq_labs/Lab10p1/Lab10p1.sdk/system_wrapper_hw_platform_0/system_wrapper.bit"
02:47:09 INFO  : ps7_init is completed.
02:47:09 INFO  : ps7_post_config is completed.
02:54:43 INFO  : System reset is completed.
02:54:45 INFO  : FPGA configured successfully with bitstream "D:/ECE/ECE530/XUP/embedded/2015_2_zynq_labs/Lab10p1/Lab10p1.sdk/system_wrapper_hw_platform_0/system_wrapper.bit"
02:54:46 INFO  : ps7_init is completed.
02:54:46 INFO  : ps7_post_config is completed.
02:58:30 INFO  : System reset is completed.
02:58:32 INFO  : FPGA configured successfully with bitstream "D:/ECE/ECE530/XUP/embedded/2015_2_zynq_labs/Lab10p1/Lab10p1.sdk/system_wrapper_hw_platform_0/system_wrapper.bit"
02:58:32 INFO  : ps7_init is completed.
02:58:33 INFO  : ps7_post_config is completed.
03:02:43 INFO  : ps7_cortexa9_0 Processor is in use. Please stop existing Run or Debug sessions before launching.
03:02:45 INFO  : System reset is completed.
03:02:47 INFO  : FPGA configured successfully with bitstream "D:/ECE/ECE530/XUP/embedded/2015_2_zynq_labs/Lab10p1/Lab10p1.sdk/system_wrapper_hw_platform_0/system_wrapper.bit"
03:02:47 INFO  : ps7_init is completed.
03:02:47 INFO  : ps7_post_config is completed.
03:04:27 INFO  : ps7_cortexa9_0 Processor is in use. Please stop existing Run or Debug sessions before launching.
03:04:29 INFO  : System reset is completed.
03:04:30 INFO  : FPGA configured successfully with bitstream "D:/ECE/ECE530/XUP/embedded/2015_2_zynq_labs/Lab10p1/Lab10p1.sdk/system_wrapper_hw_platform_0/system_wrapper.bit"
03:04:31 INFO  : ps7_init is completed.
03:04:31 INFO  : ps7_post_config is completed.
03:05:57 INFO  : ps7_cortexa9_0 Processor is in use. Please stop existing Run or Debug sessions before launching.
03:06:05 INFO  : System reset is completed.
03:06:06 INFO  : FPGA configured successfully with bitstream "D:/ECE/ECE530/XUP/embedded/2015_2_zynq_labs/Lab10p1/Lab10p1.sdk/system_wrapper_hw_platform_0/system_wrapper.bit"
03:06:07 INFO  : ps7_init is completed.
03:06:07 INFO  : ps7_post_config is completed.
03:08:04 INFO  : ps7_cortexa9_0 Processor is in use. Please stop existing Run or Debug sessions before launching.
03:08:06 INFO  : System reset is completed.
03:08:08 INFO  : FPGA configured successfully with bitstream "D:/ECE/ECE530/XUP/embedded/2015_2_zynq_labs/Lab10p1/Lab10p1.sdk/system_wrapper_hw_platform_0/system_wrapper.bit"
03:08:08 INFO  : ps7_init is completed.
03:08:08 INFO  : ps7_post_config is completed.
