Copyright 1986-2016 Xilinx, Inc. All Rights Reserved.
-------------------------------------------------------------------------------------------------
| Tool Version      : Vivado v.2016.2 (win64) Build 1577090 Thu Jun  2 16:32:40 MDT 2016
| Date              : Thu Apr 27 02:23:43 2023
| Host              : RHIT-R90VM7WS running 64-bit major release  (build 9200)
| Command           : report_clock_utilization -file system_wrapper_clock_utilization_routed.rpt
| Design            : system_wrapper
| Device            : 7z010-clg400
| Speed File        : -1  PRODUCTION 1.11 2014-09-11
| Temperature Grade : C
-------------------------------------------------------------------------------------------------

Clock Utilization Report

Table of Contents
-----------------
1. Clock Primitive Utilization
2. Global Clock Resources
3. Global Clock Source Details
4. Local Clock Details
5. Clock Regions: Key Resource Utilization
6. Clock Regions : Global Clock Summary
7. Cell Type Counts per Global Clock: Region X0Y0
8. Cell Type Counts per Global Clock: Region X1Y0
9. Cell Type Counts per Global Clock: Region X0Y1
10. Load Cell Placement Summary for Global Clock g0
11. Load Cell Placement Summary for Global Clock g1
12. Load Cell Placement Summary for Global Clock g2

1. Clock Primitive Utilization
------------------------------

+----------+------+-----------+-----+--------------+--------+
| Type     | Used | Available | LOC | Clock Region | Pblock |
+----------+------+-----------+-----+--------------+--------+
| BUFGCTRL |    3 |        32 |   0 |            0 |      0 |
| BUFH     |    0 |        48 |   0 |            0 |      0 |
| BUFIO    |    0 |         8 |   0 |            0 |      0 |
| BUFMR    |    0 |         4 |   0 |            0 |      0 |
| BUFR     |    0 |         8 |   0 |            0 |      0 |
| MMCM     |    1 |         2 |   0 |            0 |      0 |
| PLL      |    0 |         2 |   0 |            0 |      0 |
+----------+------+-----------+-----+--------------+--------+


2. Global Clock Resources
-------------------------

+-------+-------+-----------------+------------+---------------+--------------+------+-------------------+---------------+-------------+-----------------+--------------+------------+------------------------------------------------------------------------+----------------------------------------------+
| GlbID | SrcId | Driver Type/Pin | Constraint | Site          | Clock Region | Root | Clock Delay Group | Clock Regions | Clock Loads | Non-Clock Loads | Clock Period | Clock      | Driver Pin                                                             | Net                                          |
+-------+-------+-----------------+------------+---------------+--------------+------+-------------------+---------------+-------------+-----------------+--------------+------------+------------------------------------------------------------------------+----------------------------------------------+
| g0    | src0  | BUFG/O          | None       | BUFGCTRL_X0Y0 | n/a          |      |                   |             3 |        1443 |               0 |       10.000 | clk_fpga_0 | system_i/processing_system7_0/inst/buffer_fclk_clk_0.FCLK_CLK_0_BUFG/O | system_i/processing_system7_0/inst/FCLK_CLK0 |
| g1    | src0  | BUFG/O          | None       | BUFGCTRL_X0Y1 | n/a          |      |                   |             3 |        1351 |               0 |        6.666 | clk_fpga_1 | system_i/processing_system7_0/inst/buffer_fclk_clk_1.FCLK_CLK_1_BUFG/O | system_i/processing_system7_0/inst/FCLK_CLK1 |
| g2    | src1  | BUFG/O          | None       | BUFGCTRL_X0Y2 | n/a          |      |                   |             2 |         254 |               0 |       10.000 | I          | system_i/axi_dispctrl_0/inst/DONT_USE_BUFR_DIV5.BUFG_inst/O            | system_i/axi_dispctrl_0/inst/PXL_CLK_O       |
+-------+-------+-----------------+------------+---------------+--------------+------+-------------------+---------------+-------------+-----------------+--------------+------------+------------------------------------------------------------------------+----------------------------------------------+
* Note: Multiple constraint types applied to the driver. Please check for potential conflicts.


3. Global Clock Source Details
------------------------------

+-------+--------+--------------------+------------+-----------------+--------------+-------------+-----------------+---------------------+--------------+---------------------------------------------------------------------------------------+-------------------------------------------------------------------+
| SrcID | GlbIDs | Driver Type/Pin    | Constraint | Site            | Clock Region | Clock Loads | Non-Clock Loads | Source Clock Period | Source Clock | Driver Pin                                                                            | Net                                                               |
+-------+--------+--------------------+------------+-----------------+--------------+-------------+-----------------+---------------------+--------------+---------------------------------------------------------------------------------------+-------------------------------------------------------------------+
| src0  | g0     | PS7/FCLKCLK[0]     | PS7_X0Y0   | PS7_X0Y0        | X0Y1         |           0 |               1 |              10.000 | clk_fpga_0   | system_i/processing_system7_0/inst/PS7_i/FCLKCLK[0]                                   | system_i/processing_system7_0/inst/FCLK_CLK_unbuffered[0]         |
| src0  | g1     | PS7/FCLKCLK[1]     | PS7_X0Y0   | PS7_X0Y0        | X0Y1         |           0 |               1 |               6.666 | clk_fpga_1   | system_i/processing_system7_0/inst/PS7_i/FCLKCLK[1]                                   | system_i/processing_system7_0/inst/FCLK_CLK_unbuffered[1]         |
| src1  | g2     | MMCME2_ADV/CLKOUT0 | None       | MMCME2_ADV_X0Y0 | X1Y0         |           0 |               1 |              10.000 | I            | system_i/axi_dispctrl_0/inst/DONT_USE_BUFR_DIV5.Inst_mmcme2_drp/mmcm_adv_inst/CLKOUT0 | system_i/axi_dispctrl_0/inst/DONT_USE_BUFR_DIV5.Inst_mmcme2_drp/I |
+-------+--------+--------------------+------------+-----------------+--------------+-------------+-----------------+---------------------+--------------+---------------------------------------------------------------------------------------+-------------------------------------------------------------------+
* Note: Multiple constraint types applied to the driver. Please check for potential conflicts.


4. Local Clock Details
----------------------

+-------+-----------------+------------+----------+--------------+-------------+-----------------+--------------+-------+------------+-----+
| LocId | Driver Type/Pin | Constraint | Site/BEL | Clock Region | Clock Loads | Non-Clock Loads | Clock Period | Clock | Driver Pin | Net |
+-------+-----------------+------------+----------+--------------+-------------+-----------------+--------------+-------+------------+-----+
* Note: Multiple constraint types applied to the driver. Please check for potential conflicts.


5. Clock Regions: Key Resource Utilization
------------------------------------------

+-------------------+--------------+--------------+--------------+--------------+--------------+--------------+--------------+--------------+--------------+--------------+--------------+--------------+--------------+--------------+--------------+
|                   | Global Clock |     BUFRs    |    BUFMRs    |    BUFIOs    |     MMCM     |      PLL     |      GT      |      PCI     |    ILOGIC    |    OLOGIC    |      FF      |     LUTM     |    RAMB18    |    RAMB36    |    DSP48E2   |
+-------------------+------+-------+------+-------+------+-------+------+-------+------+-------+------+-------+------+-------+------+-------+------+-------+------+-------+------+-------+------+-------+------+-------+------+-------+------+-------+
| Clock Region Name | Used | Avail | Used | Avail | Used | Avail | Used | Avail | Used | Avail | Used | Avail | Used | Avail | Used | Avail | Used | Avail | Used | Avail | Used | Avail | Used | Avail | Used | Avail | Used | Avail | Used | Avail |
+-------------------+------+-------+------+-------+------+-------+------+-------+------+-------+------+-------+------+-------+------+-------+------+-------+------+-------+------+-------+------+-------+------+-------+------+-------+------+-------+
| X0Y0              |    3 |    12 |    0 |     0 |    0 |     0 |    0 |     0 |    0 |     0 |    0 |     0 |    0 |     0 |    0 |     0 |    0 |     0 |    0 |     0 | 1845 |  8800 |   83 |  1600 |    0 |     0 |    2 |    10 |    0 |    20 |
| X1Y0              |    3 |    12 |    0 |     4 |    0 |     2 |    0 |     4 |    1 |     1 |    0 |     1 |    0 |     0 |    0 |     0 |    0 |    50 |    0 |    50 |   46 |  8800 |    2 |  1400 |    0 |     0 |    0 |    20 |    0 |    20 |
| X0Y1              |    2 |    12 |    0 |     0 |    0 |     0 |    0 |     0 |    0 |     0 |    0 |     0 |    0 |     0 |    0 |     0 |    0 |     0 |    0 |     0 |   63 |  8800 |    5 |  1600 |    0 |     0 |    0 |    10 |    0 |    20 |
| X1Y1              |    0 |    12 |    0 |     4 |    0 |     2 |    0 |     4 |    0 |     1 |    0 |     1 |    0 |     0 |    0 |     0 |    0 |    50 |    0 |    50 |    0 |  8800 |    0 |  1400 |    0 |     0 |    0 |    20 |    0 |    20 |
+-------------------+------+-------+------+-------+------+-------+------+-------+------+-------+------+-------+------+-------+------+-------+------+-------+------+-------+------+-------+------+-------+------+-------+------+-------+------+-------+
* Used Global Clocks includes only global clock resources based on load placement but does not consider global clock resources used to traverse a clock region. Therefore the actual total of Used Global Clocks may be higher.
** RAMB36 site can be used as two RAMB18/FIFO18 sites.


6. Clock Regions : Global Clock Summary
---------------------------------------

+----+----+----+
|    | X0 | X1 |
+----+----+----+
| Y1 |  2 |  0 |
| Y0 |  3 |  3 |
+----+----+----+
* Used Global Clocks includes only global clock resources based on load placement but does not consider global clock resources used to traverse a clock region. Therefore the actual total of Used Global Clocks may be higher.


7. Cell Type Counts per Global Clock: Region X0Y0
-------------------------------------------------

+-------+-------+-----------------+------------+-------------+-----------------+-----+--------+------+-----+----+------+-----+---------+----------------------------------------------+
| GlbID | Track | Driver Type/Pin | Constraint | Clock Loads | Non-Clock Loads | FF  | LUTRAM | RAMB | DSP | GT | MMCM | PLL | Hard IP | Net                                          |
+-------+-------+-----------------+------------+-------------+-----------------+-----+--------+------+-----+----+------+-----+---------+----------------------------------------------+
| g0    | n/a   | BUFG/O          | None       |           0 |             878 | 878 |     26 |    0 |   0 |  0 |    0 |   0 |       0 | system_i/processing_system7_0/inst/FCLK_CLK0 |
| g1    | n/a   | BUFG/O          | None       |           0 |             801 | 799 |     52 |    2 |   0 |  0 |    0 |   0 |       0 | system_i/processing_system7_0/inst/FCLK_CLK1 |
| g2    | n/a   | BUFG/O          | None       |           0 |             175 | 174 |     11 |    1 |   0 |  0 |    0 |   0 |       0 | system_i/axi_dispctrl_0/inst/PXL_CLK_O       |
+-------+-------+-----------------+------------+-------------+-----------------+-----+--------+------+-----+----+------+-----+---------+----------------------------------------------+
* Note: Multiple constraint types applied to the driver. Please check for potential conflicts.


8. Cell Type Counts per Global Clock: Region X1Y0
-------------------------------------------------

+-------+-------+-----------------+------------+-------------+-----------------+----+--------+------+-----+----+------+-----+---------+----------------------------------------------+
| GlbID | Track | Driver Type/Pin | Constraint | Clock Loads | Non-Clock Loads | FF | LUTRAM | RAMB | DSP | GT | MMCM | PLL | Hard IP | Net                                          |
+-------+-------+-----------------+------------+-------------+-----------------+----+--------+------+-----+----+------+-----+---------+----------------------------------------------+
| g0    | n/a   | BUFG/O          | None       |           1 |              32 | 32 |      2 |    0 |   0 |  0 |    1 |   0 |       0 | system_i/processing_system7_0/inst/FCLK_CLK0 |
| g1    | n/a   | BUFG/O          | None       |           0 |               6 |  6 |      0 |    0 |   0 |  0 |    0 |   0 |       0 | system_i/processing_system7_0/inst/FCLK_CLK1 |
| g2    | n/a   | BUFG/O          | None       |           0 |               8 |  8 |      0 |    0 |   0 |  0 |    0 |   0 |       0 | system_i/axi_dispctrl_0/inst/PXL_CLK_O       |
+-------+-------+-----------------+------------+-------------+-----------------+----+--------+------+-----+----+------+-----+---------+----------------------------------------------+
* Note: Multiple constraint types applied to the driver. Please check for potential conflicts.


9. Cell Type Counts per Global Clock: Region X0Y1
-------------------------------------------------

+-------+-------+-----------------+------------+-------------+-----------------+----+--------+------+-----+----+------+-----+---------+----------------------------------------------+
| GlbID | Track | Driver Type/Pin | Constraint | Clock Loads | Non-Clock Loads | FF | LUTRAM | RAMB | DSP | GT | MMCM | PLL | Hard IP | Net                                          |
+-------+-------+-----------------+------------+-------------+-----------------+----+--------+------+-----+----+------+-----+---------+----------------------------------------------+
| g0    | n/a   | BUFG/O          | None       |           0 |              64 | 63 |      5 |    0 |   0 |  0 |    0 |   0 |       0 | system_i/processing_system7_0/inst/FCLK_CLK0 |
| g1    | n/a   | BUFG/O          | None       |           0 |               1 |  0 |      0 |    0 |   0 |  0 |    0 |   0 |       0 | system_i/processing_system7_0/inst/FCLK_CLK1 |
+-------+-------+-----------------+------------+-------------+-----------------+----+--------+------+-----+----+------+-----+---------+----------------------------------------------+
* Note: Multiple constraint types applied to the driver. Please check for potential conflicts.


10. Load Cell Placement Summary for Global Clock g0
---------------------------------------------------

+-------+-----------------+-------------------+------------+-------------+---------------+----------+-------------+----------+-------------+----+----------------------------------------------+
| GlbID | Driver Type/Pin | Driver Region (D) | Clock      | Period (ns) | Waveform (ns) | Root (R) | Slice Loads | IO Loads | Clock Loads | GT | Net                                          |
+-------+-----------------+-------------------+------------+-------------+---------------+----------+-------------+----------+-------------+----+----------------------------------------------+
| g0    | BUFG/O          | n/a               | clk_fpga_0 |      10.000 | {0.000 5.000} |          |         974 |        0 |           1 |  0 | system_i/processing_system7_0/inst/FCLK_CLK0 |
+-------+-----------------+-------------------+------------+-------------+---------------+----------+-------------+----------+-------------+----+----------------------------------------------+


+----+------+-----+
|    | X0   | X1  |
+----+------+-----+
| Y1 |   64 |   0 |
| Y0 |  878 |  33 |
+----+------+-----+


11. Load Cell Placement Summary for Global Clock g1
---------------------------------------------------

+-------+-----------------+-------------------+------------+-------------+---------------+----------+-------------+----------+-------------+----+----------------------------------------------+
| GlbID | Driver Type/Pin | Driver Region (D) | Clock      | Period (ns) | Waveform (ns) | Root (R) | Slice Loads | IO Loads | Clock Loads | GT | Net                                          |
+-------+-----------------+-------------------+------------+-------------+---------------+----------+-------------+----------+-------------+----+----------------------------------------------+
| g1    | BUFG/O          | n/a               | clk_fpga_1 |       6.666 | {0.000 3.333} |          |         808 |        0 |           0 |  0 | system_i/processing_system7_0/inst/FCLK_CLK1 |
+-------+-----------------+-------------------+------------+-------------+---------------+----------+-------------+----------+-------------+----+----------------------------------------------+


+----+------+----+
|    | X0   | X1 |
+----+------+----+
| Y1 |    1 |  0 |
| Y0 |  801 |  6 |
+----+------+----+


12. Load Cell Placement Summary for Global Clock g2
---------------------------------------------------

+-------+-----------------+-------------------+-------+-------------+---------------+----------+-------------+----------+-------------+----+----------------------------------------+
| GlbID | Driver Type/Pin | Driver Region (D) | Clock | Period (ns) | Waveform (ns) | Root (R) | Slice Loads | IO Loads | Clock Loads | GT | Net                                    |
+-------+-----------------+-------------------+-------+-------------+---------------+----------+-------------+----------+-------------+----+----------------------------------------+
| g2    | BUFG/O          | n/a               | I     |      10.000 | {0.000 5.000} |          |         183 |        0 |           0 |  0 | system_i/axi_dispctrl_0/inst/PXL_CLK_O |
+-------+-----------------+-------------------+-------+-------------+---------------+----------+-------------+----------+-------------+----+----------------------------------------+


+----+------+----+
|    | X0   | X1 |
+----+------+----+
| Y1 |    0 |  0 |
| Y0 |  175 |  8 |
+----+------+----+



# Location of BUFG Primitives 
set_property LOC BUFGCTRL_X0Y1 [get_cells system_i/processing_system7_0/inst/buffer_fclk_clk_1.FCLK_CLK_1_BUFG]
set_property LOC BUFGCTRL_X0Y0 [get_cells system_i/processing_system7_0/inst/buffer_fclk_clk_0.FCLK_CLK_0_BUFG]
set_property LOC BUFGCTRL_X0Y2 [get_cells system_i/axi_dispctrl_0/inst/DONT_USE_BUFR_DIV5.BUFG_inst]

# Location of IO Primitives which is load of clock spine

# Location of clock ports

# Clock net "system_i/processing_system7_0/inst/FCLK_CLK1" driven by instance "system_i/processing_system7_0/inst/buffer_fclk_clk_1.FCLK_CLK_1_BUFG" located at site "BUFGCTRL_X0Y1"
#startgroup
create_pblock {CLKAG_system_i/processing_system7_0/inst/FCLK_CLK1}
add_cells_to_pblock [get_pblocks  {CLKAG_system_i/processing_system7_0/inst/FCLK_CLK1}] [get_cells -filter { PRIMITIVE_GROUP != I/O && IS_PRIMITIVE==1 && PRIMITIVE_LEVEL !=INTERNAL } -of_object [get_pins -filter {DIRECTION==IN} -of_objects [get_nets -hierarchical -filter {PARENT=="system_i/processing_system7_0/inst/FCLK_CLK1"}]]]
resize_pblock [get_pblocks {CLKAG_system_i/processing_system7_0/inst/FCLK_CLK1}] -add {CLOCKREGION_X0Y0:CLOCKREGION_X0Y0 CLOCKREGION_X0Y1:CLOCKREGION_X0Y1 CLOCKREGION_X1Y0:CLOCKREGION_X1Y0}
#endgroup

# Clock net "system_i/processing_system7_0/inst/FCLK_CLK0" driven by instance "system_i/processing_system7_0/inst/buffer_fclk_clk_0.FCLK_CLK_0_BUFG" located at site "BUFGCTRL_X0Y0"
#startgroup
create_pblock {CLKAG_system_i/processing_system7_0/inst/FCLK_CLK0}
add_cells_to_pblock [get_pblocks  {CLKAG_system_i/processing_system7_0/inst/FCLK_CLK0}] [get_cells -filter { PRIMITIVE_GROUP != I/O && IS_PRIMITIVE==1 && PRIMITIVE_LEVEL !=INTERNAL && NAME!=system_i/axi_dispctrl_0/inst/DONT_USE_BUFR_DIV5.Inst_mmcme2_drp/mmcm_adv_inst} -of_object [get_pins -filter {DIRECTION==IN} -of_objects [get_nets -hierarchical -filter {PARENT=="system_i/processing_system7_0/inst/FCLK_CLK0"}]]]
resize_pblock [get_pblocks {CLKAG_system_i/processing_system7_0/inst/FCLK_CLK0}] -add {CLOCKREGION_X0Y0:CLOCKREGION_X0Y0 CLOCKREGION_X0Y1:CLOCKREGION_X0Y1 CLOCKREGION_X1Y0:CLOCKREGION_X1Y0}
#endgroup

# Clock net "system_i/axi_dispctrl_0/inst/PXL_CLK_O" driven by instance "system_i/axi_dispctrl_0/inst/DONT_USE_BUFR_DIV5.BUFG_inst" located at site "BUFGCTRL_X0Y2"
#startgroup
create_pblock {CLKAG_system_i/axi_dispctrl_0/inst/PXL_CLK_O}
add_cells_to_pblock [get_pblocks  {CLKAG_system_i/axi_dispctrl_0/inst/PXL_CLK_O}] [get_cells -filter { PRIMITIVE_GROUP != I/O && IS_PRIMITIVE==1 && PRIMITIVE_LEVEL !=INTERNAL } -of_object [get_pins -filter {DIRECTION==IN} -of_objects [get_nets -hierarchical -filter {PARENT=="system_i/axi_dispctrl_0/inst/PXL_CLK_O"}]]]
resize_pblock [get_pblocks {CLKAG_system_i/axi_dispctrl_0/inst/PXL_CLK_O}] -add {CLOCKREGION_X0Y0:CLOCKREGION_X0Y0 CLOCKREGION_X1Y0:CLOCKREGION_X1Y0}
#endgroup
